<?xml version="1.0" encoding="UTF-8"?><testsuite name="nosetests" tests="7" errors="0" failures="0" skip="0"><testcase classname="test_protocol.ProtocolTests" name="test_camera_fragments_and_padding" time="0.000"></testcase><testcase classname="test_protocol.ProtocolTests" name="test_camera_loss_and_recovery" time="0.000"></testcase><testcase classname="test_protocol.ProtocolTests" name="test_camera_rejects_mixed_frames_and_oversize" time="0.000"></testcase><testcase classname="test_protocol.ProtocolTests" name="test_gps_checksum_and_coordinates" time="0.000"></testcase><testcase classname="test_protocol.ProtocolTests" name="test_gps_no_fix_and_southern_hemisphere" time="0.000"></testcase><testcase classname="test_protocol.ProtocolTests" name="test_imu_both_versions" time="0.000"></testcase><testcase classname="test_protocol.ProtocolTests" name="test_imu_rejects_corruption" time="0.000"></testcase></testsuite>